05-May-2026 19:50:09.757 情報 [main] org.apache.catalina.startup.VersionLoggerListener.log Serverのバージョン名:     Apache Tomcat/9.0.105
05-May-2026 19:50:09.762 情報 [main] org.apache.catalina.startup.VersionLoggerListener.log Server ビルド:            May 7 2025 18:36:02 UTC
05-May-2026 19:50:09.763 情報 [main] org.apache.catalina.startup.VersionLoggerListener.log サーバーのバージョン番号: 9.0.105.0
05-May-2026 19:50:09.763 情報 [main] org.apache.catalina.startup.VersionLoggerListener.log OS 名:                    Windows 11
05-May-2026 19:50:09.763 情報 [main] org.apache.catalina.startup.VersionLoggerListener.log OS バージョン:            10.0
05-May-2026 19:50:09.763 情報 [main] org.apache.catalina.startup.VersionLoggerListener.log アーキテクチャ:           amd64
05-May-2026 19:50:09.764 情報 [main] org.apache.catalina.startup.VersionLoggerListener.log Java Home:                C:\Program Files\Eclipse Adoptium\jdk-17.0.18.8-hotspot
05-May-2026 19:50:09.764 情報 [main] org.apache.catalina.startup.VersionLoggerListener.log JVM バージョン:           17.0.18+8
05-May-2026 19:50:09.764 情報 [main] org.apache.catalina.startup.VersionLoggerListener.log JVM ベンダ:               Eclipse Adoptium
05-May-2026 19:50:09.764 情報 [main] org.apache.catalina.startup.VersionLoggerListener.log CATALINA_BASE:            C:\Users\Public\folder\Attachments\test2\.tools\apache-tomcat-9.0.105
05-May-2026 19:50:09.764 情報 [main] org.apache.catalina.startup.VersionLoggerListener.log CATALINA_HOME:            C:\Users\Public\folder\Attachments\test2\.tools\apache-tomcat-9.0.105
05-May-2026 19:50:09.779 情報 [main] org.apache.catalina.startup.VersionLoggerListener.log コマンドライン引数:       --add-opens=java.base/java.lang=ALL-UNNAMED
05-May-2026 19:50:09.779 情報 [main] org.apache.catalina.startup.VersionLoggerListener.log コマンドライン引数:       --add-opens=java.base/java.lang.invoke=ALL-UNNAMED
05-May-2026 19:50:09.780 情報 [main] org.apache.catalina.startup.VersionLoggerListener.log コマンドライン引数:       --add-opens=java.base/java.lang.reflect=ALL-UNNAMED
05-May-2026 19:50:09.780 情報 [main] org.apache.catalina.startup.VersionLoggerListener.log コマンドライン引数:       --add-opens=java.base/java.io=ALL-UNNAMED
05-May-2026 19:50:09.780 情報 [main] org.apache.catalina.startup.VersionLoggerListener.log コマンドライン引数:       --add-opens=java.base/java.util=ALL-UNNAMED
05-May-2026 19:50:09.780 情報 [main] org.apache.catalina.startup.VersionLoggerListener.log コマンドライン引数:       --add-opens=java.base/java.util.concurrent=ALL-UNNAMED
05-May-2026 19:50:09.780 情報 [main] org.apache.catalina.startup.VersionLoggerListener.log コマンドライン引数:       --add-opens=java.rmi/sun.rmi.transport=ALL-UNNAMED
05-May-2026 19:50:09.780 情報 [main] org.apache.catalina.startup.VersionLoggerListener.log コマンドライン引数:       -Djava.util.logging.config.file=C:\Users\Public\folder\Attachments\test2\.tools\apache-tomcat-9.0.105\conf\logging.properties
05-May-2026 19:50:09.780 情報 [main] org.apache.catalina.startup.VersionLoggerListener.log コマンドライン引数:       -Djava.util.logging.manager=org.apache.juli.ClassLoaderLogManager
05-May-2026 19:50:09.781 情報 [main] org.apache.catalina.startup.VersionLoggerListener.log コマンドライン引数:       -Djdk.tls.ephemeralDHKeySize=2048
05-May-2026 19:50:09.781 情報 [main] org.apache.catalina.startup.VersionLoggerListener.log コマンドライン引数:       -Djava.protocol.handler.pkgs=org.apache.catalina.webresources
05-May-2026 19:50:09.782 情報 [main] org.apache.catalina.startup.VersionLoggerListener.log コマンドライン引数:       -Dsun.io.useCanonCaches=false
05-May-2026 19:50:09.782 情報 [main] org.apache.catalina.startup.VersionLoggerListener.log コマンドライン引数:       -Dignore.endorsed.dirs=
05-May-2026 19:50:09.782 情報 [main] org.apache.catalina.startup.VersionLoggerListener.log コマンドライン引数:       -Dcatalina.base=C:\Users\Public\folder\Attachments\test2\.tools\apache-tomcat-9.0.105
05-May-2026 19:50:09.782 情報 [main] org.apache.catalina.startup.VersionLoggerListener.log コマンドライン引数:       -Dcatalina.home=C:\Users\Public\folder\Attachments\test2\.tools\apache-tomcat-9.0.105
05-May-2026 19:50:09.782 情報 [main] org.apache.catalina.startup.VersionLoggerListener.log コマンドライン引数:       -Djava.io.tmpdir=C:\Users\Public\folder\Attachments\test2\.tools\apache-tomcat-9.0.105\temp
05-May-2026 19:50:09.785 情報 [main] org.apache.catalina.core.AprLifecycleListener.lifecycleEvent APRバージョン[1.7.4]を使用してAPRベースのApache Tomcatネイティブライブラリ[1.3.1]をロードしました。
05-May-2026 19:50:09.786 情報 [main] org.apache.catalina.core.AprLifecycleListener.lifecycleEvent APR機能: IPv6 [true]、sendfile [true]、受け入れフィルタ [false]、ランダム [true]、UDS [true]
05-May-2026 19:50:09.786 情報 [main] org.apache.catalina.core.AprLifecycleListener.lifecycleEvent APR/OpenSSL設定：useAprConnector [false]、useOpenSSL [true]
05-May-2026 19:50:09.790 情報 [main] org.apache.catalina.core.AprLifecycleListener.initializeSSL OpenSSLは [OpenSSL 3.0.14 4 Jun 2024] を正常に初期化しました
05-May-2026 19:50:09.963 情報 [main] org.apache.coyote.AbstractProtocol.init プロトコルハンドラ ["http-nio-8080"] を初期化します。
05-May-2026 19:50:09.984 情報 [main] org.apache.catalina.startup.Catalina.load サーバーの初期化 [392] ミリ秒
05-May-2026 19:50:10.062 情報 [main] org.apache.catalina.core.StandardService.startInternal サービス [Catalina] を起動します
05-May-2026 19:50:10.063 情報 [main] org.apache.catalina.core.StandardEngine.startInternal サーブレットエンジンの起動：[Apache Tomcat/9.0.105]
05-May-2026 19:50:10.085 情報 [main] org.apache.catalina.startup.HostConfig.deployWAR Webアプリケーションアーカイブ [C:\Users\Public\folder\Attachments\test2\.tools\apache-tomcat-9.0.105\webapps\test-webapp.war] を配備します
05-May-2026 19:50:12.125 情報 [main] org.apache.jasper.servlet.TldScanner.scanJars 少なくとも1つのJARでTLDをスキャンしましたが、TLDが含まれていませんでした。スキャンしたもののTLDが見つからなかったJARの完全なリストについては、このロガーのデバッグログを有効にしてください。スキャン中に不要なJARをスキップすると、起動時間とJSPのコンパイル時間が短縮されます。
05-May-2026 19:50:12.249 情報 [main] org.apache.catalina.startup.HostConfig.deployWAR Web アプリケーションアーカイブ [C:\Users\Public\folder\Attachments\test2\.tools\apache-tomcat-9.0.105\webapps\test-webapp.war] の配備は [2,160] ミリ秒で完了しました
05-May-2026 19:50:12.250 情報 [main] org.apache.catalina.startup.HostConfig.deployDirectory Web アプリケーションディレクトリ [C:\Users\Public\folder\Attachments\test2\.tools\apache-tomcat-9.0.105\webapps\docs] を配備します
05-May-2026 19:50:12.285 情報 [main] org.apache.catalina.startup.HostConfig.deployDirectory ディレクトリ [C:\Users\Public\folder\Attachments\test2\.tools\apache-tomcat-9.0.105\webapps\docs] の Web アプリケーションの配備は [35] ミリ秒で完了しました。
05-May-2026 19:50:12.286 情報 [main] org.apache.catalina.startup.HostConfig.deployDirectory Web アプリケーションディレクトリ [C:\Users\Public\folder\Attachments\test2\.tools\apache-tomcat-9.0.105\webapps\examples] を配備します
05-May-2026 19:50:12.538 情報 [main] org.apache.catalina.startup.HostConfig.deployDirectory ディレクトリ [C:\Users\Public\folder\Attachments\test2\.tools\apache-tomcat-9.0.105\webapps\examples] の Web アプリケーションの配備は [252] ミリ秒で完了しました。
05-May-2026 19:50:12.539 情報 [main] org.apache.catalina.startup.HostConfig.deployDirectory Web アプリケーションディレクトリ [C:\Users\Public\folder\Attachments\test2\.tools\apache-tomcat-9.0.105\webapps\host-manager] を配備します
05-May-2026 19:50:12.565 情報 [main] org.apache.catalina.startup.HostConfig.deployDirectory ディレクトリ [C:\Users\Public\folder\Attachments\test2\.tools\apache-tomcat-9.0.105\webapps\host-manager] の Web アプリケーションの配備は [26] ミリ秒で完了しました。
05-May-2026 19:50:12.566 情報 [main] org.apache.catalina.startup.HostConfig.deployDirectory Web アプリケーションディレクトリ [C:\Users\Public\folder\Attachments\test2\.tools\apache-tomcat-9.0.105\webapps\manager] を配備します
05-May-2026 19:50:12.589 情報 [main] org.apache.catalina.startup.HostConfig.deployDirectory ディレクトリ [C:\Users\Public\folder\Attachments\test2\.tools\apache-tomcat-9.0.105\webapps\manager] の Web アプリケーションの配備は [23] ミリ秒で完了しました。
05-May-2026 19:50:12.590 情報 [main] org.apache.catalina.startup.HostConfig.deployDirectory Web アプリケーションディレクトリ [C:\Users\Public\folder\Attachments\test2\.tools\apache-tomcat-9.0.105\webapps\ROOT] を配備します
05-May-2026 19:50:12.608 情報 [main] org.apache.catalina.startup.HostConfig.deployDirectory ディレクトリ [C:\Users\Public\folder\Attachments\test2\.tools\apache-tomcat-9.0.105\webapps\ROOT] の Web アプリケーションの配備は [18] ミリ秒で完了しました。
05-May-2026 19:50:12.612 情報 [main] org.apache.coyote.AbstractProtocol.start プロトコルハンドラー ["http-nio-8080"] を開始しました。
05-May-2026 19:50:12.646 情報 [main] org.apache.catalina.startup.Catalina.start サーバーの起動 [2661] ミリ秒
05-May-2026 19:55:44.961 情報 [main] org.apache.catalina.startup.VersionLoggerListener.log Serverのバージョン名:     Apache Tomcat/9.0.105
05-May-2026 19:55:44.965 情報 [main] org.apache.catalina.startup.VersionLoggerListener.log Server ビルド:            May 7 2025 18:36:02 UTC
05-May-2026 19:55:44.966 情報 [main] org.apache.catalina.startup.VersionLoggerListener.log サーバーのバージョン番号: 9.0.105.0
05-May-2026 19:55:44.966 情報 [main] org.apache.catalina.startup.VersionLoggerListener.log OS 名:                    Windows 11
05-May-2026 19:55:44.966 情報 [main] org.apache.catalina.startup.VersionLoggerListener.log OS バージョン:            10.0
05-May-2026 19:55:44.966 情報 [main] org.apache.catalina.startup.VersionLoggerListener.log アーキテクチャ:           amd64
05-May-2026 19:55:44.966 情報 [main] org.apache.catalina.startup.VersionLoggerListener.log Java Home:                C:\Program Files\Eclipse Adoptium\jdk-17.0.18.8-hotspot
05-May-2026 19:55:44.967 情報 [main] org.apache.catalina.startup.VersionLoggerListener.log JVM バージョン:           17.0.18+8
05-May-2026 19:55:44.967 情報 [main] org.apache.catalina.startup.VersionLoggerListener.log JVM ベンダ:               Eclipse Adoptium
05-May-2026 19:55:44.967 情報 [main] org.apache.catalina.startup.VersionLoggerListener.log CATALINA_BASE:            C:\Users\Public\folder\Attachments\test2\.tools\apache-tomcat-9.0.105
05-May-2026 19:55:44.967 情報 [main] org.apache.catalina.startup.VersionLoggerListener.log CATALINA_HOME:            C:\Users\Public\folder\Attachments\test2\.tools\apache-tomcat-9.0.105
05-May-2026 19:55:44.978 情報 [main] org.apache.catalina.startup.VersionLoggerListener.log コマンドライン引数:       --add-opens=java.base/java.lang=ALL-UNNAMED
05-May-2026 19:55:44.979 情報 [main] org.apache.catalina.startup.VersionLoggerListener.log コマンドライン引数:       --add-opens=java.base/java.lang.invoke=ALL-UNNAMED
05-May-2026 19:55:44.979 情報 [main] org.apache.catalina.startup.VersionLoggerListener.log コマンドライン引数:       --add-opens=java.base/java.lang.reflect=ALL-UNNAMED
05-May-2026 19:55:44.979 情報 [main] org.apache.catalina.startup.VersionLoggerListener.log コマンドライン引数:       --add-opens=java.base/java.io=ALL-UNNAMED
05-May-2026 19:55:44.979 情報 [main] org.apache.catalina.startup.VersionLoggerListener.log コマンドライン引数:       --add-opens=java.base/java.util=ALL-UNNAMED
05-May-2026 19:55:44.980 情報 [main] org.apache.catalina.startup.VersionLoggerListener.log コマンドライン引数:       --add-opens=java.base/java.util.concurrent=ALL-UNNAMED
05-May-2026 19:55:44.980 情報 [main] org.apache.catalina.startup.VersionLoggerListener.log コマンドライン引数:       --add-opens=java.rmi/sun.rmi.transport=ALL-UNNAMED
05-May-2026 19:55:44.980 情報 [main] org.apache.catalina.startup.VersionLoggerListener.log コマンドライン引数:       -Djava.util.logging.config.file=C:\Users\Public\folder\Attachments\test2\.tools\apache-tomcat-9.0.105\conf\logging.properties
05-May-2026 19:55:44.981 情報 [main] org.apache.catalina.startup.VersionLoggerListener.log コマンドライン引数:       -Djava.util.logging.manager=org.apache.juli.ClassLoaderLogManager
05-May-2026 19:55:44.981 情報 [main] org.apache.catalina.startup.VersionLoggerListener.log コマンドライン引数:       -Djdk.tls.ephemeralDHKeySize=2048
05-May-2026 19:55:44.981 情報 [main] org.apache.catalina.startup.VersionLoggerListener.log コマンドライン引数:       -Djava.protocol.handler.pkgs=org.apache.catalina.webresources
05-May-2026 19:55:44.981 情報 [main] org.apache.catalina.startup.VersionLoggerListener.log コマンドライン引数:       -Dsun.io.useCanonCaches=false
05-May-2026 19:55:44.982 情報 [main] org.apache.catalina.startup.VersionLoggerListener.log コマンドライン引数:       -Dignore.endorsed.dirs=
05-May-2026 19:55:44.982 情報 [main] org.apache.catalina.startup.VersionLoggerListener.log コマンドライン引数:       -Dcatalina.base=C:\Users\Public\folder\Attachments\test2\.tools\apache-tomcat-9.0.105
05-May-2026 19:55:44.982 情報 [main] org.apache.catalina.startup.VersionLoggerListener.log コマンドライン引数:       -Dcatalina.home=C:\Users\Public\folder\Attachments\test2\.tools\apache-tomcat-9.0.105
05-May-2026 19:55:44.982 情報 [main] org.apache.catalina.startup.VersionLoggerListener.log コマンドライン引数:       -Djava.io.tmpdir=C:\Users\Public\folder\Attachments\test2\.tools\apache-tomcat-9.0.105\temp
05-May-2026 19:55:44.985 情報 [main] org.apache.catalina.core.AprLifecycleListener.lifecycleEvent APRバージョン[1.7.4]を使用してAPRベースのApache Tomcatネイティブライブラリ[1.3.1]をロードしました。
05-May-2026 19:55:44.986 情報 [main] org.apache.catalina.core.AprLifecycleListener.lifecycleEvent APR機能: IPv6 [true]、sendfile [true]、受け入れフィルタ [false]、ランダム [true]、UDS [true]
05-May-2026 19:55:44.986 情報 [main] org.apache.catalina.core.AprLifecycleListener.lifecycleEvent APR/OpenSSL設定：useAprConnector [false]、useOpenSSL [true]
05-May-2026 19:55:44.990 情報 [main] org.apache.catalina.core.AprLifecycleListener.initializeSSL OpenSSLは [OpenSSL 3.0.14 4 Jun 2024] を正常に初期化しました
05-May-2026 19:55:45.151 情報 [main] org.apache.coyote.AbstractProtocol.init プロトコルハンドラ ["http-nio-8080"] を初期化します。
05-May-2026 19:55:45.169 重大 [main] org.apache.catalina.util.LifecycleBase.handleSubClassException コンポーネント [Connector["http-nio-8080"]] の初期化に失敗しました
	org.apache.catalina.LifecycleException: プロトコルハンドラの初期化に失敗しました
		at org.apache.catalina.connector.Connector.initInternal(Connector.java:1048)
		at org.apache.catalina.util.LifecycleBase.init(LifecycleBase.java:122)
		at org.apache.catalina.core.StandardService.initInternal(StandardService.java:522)
		at org.apache.catalina.util.LifecycleBase.init(LifecycleBase.java:122)
		at org.apache.catalina.core.StandardServer.initInternal(StandardServer.java:986)
		at org.apache.catalina.util.LifecycleBase.init(LifecycleBase.java:122)
		at org.apache.catalina.startup.Catalina.load(Catalina.java:690)
		at org.apache.catalina.startup.Catalina.load(Catalina.java:713)
		at java.base/jdk.internal.reflect.NativeMethodAccessorImpl.invoke0(Native Method)
		at java.base/jdk.internal.reflect.NativeMethodAccessorImpl.invoke(NativeMethodAccessorImpl.java:77)
		at java.base/jdk.internal.reflect.DelegatingMethodAccessorImpl.invoke(DelegatingMethodAccessorImpl.java:43)
		at java.base/java.lang.reflect.Method.invoke(Method.java:569)
		at org.apache.catalina.startup.Bootstrap.load(Bootstrap.java:302)
		at org.apache.catalina.startup.Bootstrap.main(Bootstrap.java:475)
	Caused by: java.net.BindException: Address already in use: bind
		at java.base/sun.nio.ch.Net.bind0(Native Method)
		at java.base/sun.nio.ch.Net.bind(Net.java:567)
		at java.base/sun.nio.ch.ServerSocketChannelImpl.netBind(ServerSocketChannelImpl.java:337)
		at java.base/sun.nio.ch.ServerSocketChannelImpl.bind(ServerSocketChannelImpl.java:294)
		at org.apache.tomcat.util.net.NioEndpoint.initServerSocket(NioEndpoint.java:268)
		at org.apache.tomcat.util.net.NioEndpoint.bind(NioEndpoint.java:223)
		at org.apache.tomcat.util.net.AbstractEndpoint.bindWithCleanup(AbstractEndpoint.java:1373)
		at org.apache.tomcat.util.net.AbstractEndpoint.init(AbstractEndpoint.java:1386)
		at org.apache.coyote.AbstractProtocol.init(AbstractProtocol.java:663)
		at org.apache.coyote.http11.AbstractHttp11Protocol.init(AbstractHttp11Protocol.java:80)
		at org.apache.catalina.connector.Connector.initInternal(Connector.java:1046)
		... 13 more
05-May-2026 19:55:45.176 情報 [main] org.apache.catalina.startup.Catalina.load サーバーの初期化 [361] ミリ秒
05-May-2026 19:55:45.229 情報 [main] org.apache.catalina.core.StandardService.startInternal サービス [Catalina] を起動します
05-May-2026 19:55:45.229 情報 [main] org.apache.catalina.core.StandardEngine.startInternal サーブレットエンジンの起動：[Apache Tomcat/9.0.105]
05-May-2026 19:55:45.246 情報 [main] org.apache.catalina.startup.HostConfig.deployWAR Webアプリケーションアーカイブ [C:\Users\Public\folder\Attachments\test2\.tools\apache-tomcat-9.0.105\webapps\test-webapp.war] を配備します
05-May-2026 19:55:45.285 情報 [main] org.apache.catalina.startup.ExpandWar.expand 関連付けられた WAR ファイルと最終更新日時の異なる展開先ディレクトリ [C:\Users\Public\folder\Attachments\test2\.tools\apache-tomcat-9.0.105\webapps\test-webapp] が見つかりました。削除します。
05-May-2026 19:55:51.871 情報 [main] org.apache.jasper.servlet.TldScanner.scanJars 少なくとも1つのJARでTLDをスキャンしましたが、TLDが含まれていませんでした。スキャンしたもののTLDが見つからなかったJARの完全なリストについては、このロガーのデバッグログを有効にしてください。スキャン中に不要なJARをスキップすると、起動時間とJSPのコンパイル時間が短縮されます。
05-May-2026 19:55:52.313 警告 [main] org.apache.catalina.util.SessionIdGeneratorBase.createSecureRandom セッション ID を生成するための SecureRandom インスタンスの作成に [127] ミリ秒かかりました。アルゴリズムは [SHA1PRNG] です。
05-May-2026 19:55:52.368 情報 [main] org.apache.catalina.startup.HostConfig.deployWAR Web アプリケーションアーカイブ [C:\Users\Public\folder\Attachments\test2\.tools\apache-tomcat-9.0.105\webapps\test-webapp.war] の配備は [7,122] ミリ秒で完了しました
05-May-2026 19:55:52.371 情報 [main] org.apache.catalina.startup.HostConfig.deployDirectory Web アプリケーションディレクトリ [C:\Users\Public\folder\Attachments\test2\.tools\apache-tomcat-9.0.105\webapps\docs] を配備します
05-May-2026 19:55:52.533 情報 [main] org.apache.catalina.startup.HostConfig.deployDirectory ディレクトリ [C:\Users\Public\folder\Attachments\test2\.tools\apache-tomcat-9.0.105\webapps\docs] の Web アプリケーションの配備は [161] ミリ秒で完了しました。
05-May-2026 19:55:52.534 情報 [main] org.apache.catalina.startup.HostConfig.deployDirectory Web アプリケーションディレクトリ [C:\Users\Public\folder\Attachments\test2\.tools\apache-tomcat-9.0.105\webapps\examples] を配備します
05-May-2026 19:55:53.561 情報 [Catalina-utility-1] org.apache.catalina.startup.HostConfig.undeploy コンテキストパス [/test-webapp] のWebアプリケーションの配備を解除します
05-May-2026 19:55:54.290 情報 [main] org.apache.catalina.startup.HostConfig.deployDirectory ディレクトリ [C:\Users\Public\folder\Attachments\test2\.tools\apache-tomcat-9.0.105\webapps\examples] の Web アプリケーションの配備は [1,756] ミリ秒で完了しました。
05-May-2026 19:55:54.293 情報 [main] org.apache.catalina.startup.HostConfig.deployDirectory Web アプリケーションディレクトリ [C:\Users\Public\folder\Attachments\test2\.tools\apache-tomcat-9.0.105\webapps\host-manager] を配備します
05-May-2026 19:55:54.375 情報 [Catalina-utility-1] org.apache.catalina.startup.HostConfig.deployWAR Webアプリケーションアーカイブ [C:\Users\Public\folder\Attachments\test2\.tools\apache-tomcat-9.0.105\webapps\test-webapp.war] を配備します
05-May-2026 19:55:54.474 情報 [main] org.apache.catalina.startup.HostConfig.deployDirectory ディレクトリ [C:\Users\Public\folder\Attachments\test2\.tools\apache-tomcat-9.0.105\webapps\host-manager] の Web アプリケーションの配備は [182] ミリ秒で完了しました。
05-May-2026 19:55:54.475 情報 [main] org.apache.catalina.startup.HostConfig.deployDirectory Web アプリケーションディレクトリ [C:\Users\Public\folder\Attachments\test2\.tools\apache-tomcat-9.0.105\webapps\manager] を配備します
05-May-2026 19:55:54.615 情報 [main] org.apache.catalina.startup.HostConfig.deployDirectory ディレクトリ [C:\Users\Public\folder\Attachments\test2\.tools\apache-tomcat-9.0.105\webapps\manager] の Web アプリケーションの配備は [140] ミリ秒で完了しました。
05-May-2026 19:55:54.616 情報 [main] org.apache.catalina.startup.HostConfig.deployDirectory Web アプリケーションディレクトリ [C:\Users\Public\folder\Attachments\test2\.tools\apache-tomcat-9.0.105\webapps\ROOT] を配備します
05-May-2026 19:55:54.749 情報 [main] org.apache.catalina.startup.HostConfig.deployDirectory ディレクトリ [C:\Users\Public\folder\Attachments\test2\.tools\apache-tomcat-9.0.105\webapps\ROOT] の Web アプリケーションの配備は [132] ミリ秒で完了しました。
05-May-2026 19:55:54.768 情報 [main] org.apache.catalina.startup.Catalina.start サーバーの起動 [9591] ミリ秒
05-May-2026 19:55:54.787 重大 [main] org.apache.catalina.core.StandardServer.await アドレス [localhost] のポート番号 [8005] にサーバー停止ソケットを作成できませんでした (基本ポート番号は [8005]、オフセットは [0] です)
	java.net.BindException: Address already in use: bind
		at java.base/sun.nio.ch.Net.bind0(Native Method)
		at java.base/sun.nio.ch.Net.bind(Net.java:567)
		at java.base/sun.nio.ch.Net.bind(Net.java:556)
		at java.base/sun.nio.ch.NioSocketImpl.bind(NioSocketImpl.java:648)
		at java.base/java.net.ServerSocket.bind(ServerSocket.java:388)
		at java.base/java.net.ServerSocket.<init>(ServerSocket.java:274)
		at org.apache.catalina.core.StandardServer.await(StandardServer.java:537)
		at org.apache.catalina.startup.Catalina.await(Catalina.java:829)
		at org.apache.catalina.startup.Catalina.start(Catalina.java:777)
		at java.base/jdk.internal.reflect.NativeMethodAccessorImpl.invoke0(Native Method)
		at java.base/jdk.internal.reflect.NativeMethodAccessorImpl.invoke(NativeMethodAccessorImpl.java:77)
		at java.base/jdk.internal.reflect.DelegatingMethodAccessorImpl.invoke(DelegatingMethodAccessorImpl.java:43)
		at java.base/java.lang.reflect.Method.invoke(Method.java:569)
		at org.apache.catalina.startup.Bootstrap.start(Bootstrap.java:345)
		at org.apache.catalina.startup.Bootstrap.main(Bootstrap.java:476)
05-May-2026 19:55:54.790 情報 [main] org.apache.coyote.AbstractProtocol.pause ProtocolHandler ["http-nio-8080"] を一時停止します。
05-May-2026 19:55:54.790 情報 [main] org.apache.catalina.core.StandardService.stopInternal サービス [Catalina] を停止します
05-May-2026 19:55:54.877 情報 [main] org.apache.coyote.AbstractProtocol.stop ProtocolHandler ["http-nio-8080"]の停止中
05-May-2026 19:55:54.902 情報 [main] org.apache.coyote.AbstractProtocol.destroy ProtocolHandler ["http-nio-8080"] を破棄します。
05-May-2026 19:56:05.075 情報 [Catalina-utility-1] org.apache.jasper.servlet.TldScanner.scanJars 少なくとも1つのJARでTLDをスキャンしましたが、TLDが含まれていませんでした。スキャンしたもののTLDが見つからなかったJARの完全なリストについては、このロガーのデバッグログを有効にしてください。スキャン中に不要なJARをスキップすると、起動時間とJSPのコンパイル時間が短縮されます。
05-May-2026 19:56:05.201 情報 [Catalina-utility-1] org.apache.catalina.startup.HostConfig.deployWAR Web アプリケーションアーカイブ [C:\Users\Public\folder\Attachments\test2\.tools\apache-tomcat-9.0.105\webapps\test-webapp.war] の配備は [10,826] ミリ秒で完了しました
05-May-2026 19:57:19.660 警告 [http-nio-8080-exec-11] org.openqa.selenium.manager.SeleniumManager.lambda$runCommand$1 The chromedriver version (131.0.6778.85) detected in PATH at chromedriver.EXE might not be compatible with the detected chrome version (147.0.7727.138); currently, chromedriver 147.0.7727.117 is recommended for chrome 147.*, so it is advised to delete the driver in PATH and retry
05-May-2026 20:01:00.076 警告 [http-nio-8080-exec-17] org.openqa.selenium.manager.SeleniumManager.lambda$runCommand$1 The chromedriver version (131.0.6778.85) detected in PATH at chromedriver.EXE might not be compatible with the detected chrome version (147.0.7727.138); currently, chromedriver 147.0.7727.117 is recommended for chrome 147.*, so it is advised to delete the driver in PATH and retry
05-May-2026 20:03:43.702 情報 [main] org.apache.catalina.core.StandardServer.await 有効なシャットダウンコマンドがシャットダウンポート経由で受信されました。 サーバーインスタンスを停止します。
05-May-2026 20:03:43.702 情報 [main] org.apache.coyote.AbstractProtocol.pause ProtocolHandler ["http-nio-8080"] を一時停止します。
05-May-2026 20:03:43.812 情報 [main] org.apache.catalina.core.StandardService.stopInternal サービス [Catalina] を停止します
05-May-2026 20:03:43.860 警告 [main] org.apache.catalina.loader.WebappClassLoaderBase.clearReferencesThreads Webアプリケーション [test-webapp] は [CompletableFutureDelayScheduler] という名前のスレッドを開始したようですが、停止に失敗しました。これはメモリリークを引き起こす可能性が非常に高いです。スレッドのスタックトレース: 
 java.base@17.0.18/jdk.internal.misc.Unsafe.park(Native Method)
 java.base@17.0.18/java.util.concurrent.locks.LockSupport.parkNanos(LockSupport.java:252)
 java.base@17.0.18/java.util.concurrent.locks.AbstractQueuedSynchronizer$ConditionObject.awaitNanos(AbstractQueuedSynchronizer.java:1679)
 java.base@17.0.18/java.util.concurrent.ScheduledThreadPoolExecutor$DelayedWorkQueue.take(ScheduledThreadPoolExecutor.java:1182)
 java.base@17.0.18/java.util.concurrent.ScheduledThreadPoolExecutor$DelayedWorkQueue.take(ScheduledThreadPoolExecutor.java:899)
 java.base@17.0.18/java.util.concurrent.ThreadPoolExecutor.getTask(ThreadPoolExecutor.java:1062)
 java.base@17.0.18/java.util.concurrent.ThreadPoolExecutor.runWorker(ThreadPoolExecutor.java:1122)
 java.base@17.0.18/java.util.concurrent.ThreadPoolExecutor$Worker.run(ThreadPoolExecutor.java:635)
 java.base@17.0.18/java.lang.Thread.run(Thread.java:840)
05-May-2026 20:03:43.860 警告 [main] org.apache.catalina.loader.WebappClassLoaderBase.clearReferencesThreads Webアプリケーション [test-webapp] は [HttpClient-2-SelectorManager] という名前のスレッドを開始したようですが、停止に失敗しました。これはメモリリークを引き起こす可能性が非常に高いです。スレッドのスタックトレース: 
 java.base@17.0.18/sun.nio.ch.WEPoll.wait(Native Method)
 java.base@17.0.18/sun.nio.ch.WEPollSelectorImpl.doSelect(WEPollSelectorImpl.java:111)
 java.base@17.0.18/sun.nio.ch.SelectorImpl.lockAndDoSelect(SelectorImpl.java:129)
 java.base@17.0.18/sun.nio.ch.SelectorImpl.select(SelectorImpl.java:141)
 platform/java.net.http@17.0.18/jdk.internal.net.http.HttpClientImpl$SelectorManager.run(HttpClientImpl.java:1301)
05-May-2026 20:03:43.884 情報 [main] org.apache.coyote.AbstractProtocol.stop ProtocolHandler ["http-nio-8080"]の停止中
05-May-2026 20:03:43.895 情報 [main] org.apache.coyote.AbstractProtocol.destroy ProtocolHandler ["http-nio-8080"] を破棄します。
05-May-2026 20:03:44.617 情報 [main] org.apache.catalina.startup.VersionLoggerListener.log Serverのバージョン名:     Apache Tomcat/9.0.105
05-May-2026 20:03:44.621 情報 [main] org.apache.catalina.startup.VersionLoggerListener.log Server ビルド:            May 7 2025 18:36:02 UTC
05-May-2026 20:03:44.621 情報 [main] org.apache.catalina.startup.VersionLoggerListener.log サーバーのバージョン番号: 9.0.105.0
05-May-2026 20:03:44.621 情報 [main] org.apache.catalina.startup.VersionLoggerListener.log OS 名:                    Windows 11
05-May-2026 20:03:44.621 情報 [main] org.apache.catalina.startup.VersionLoggerListener.log OS バージョン:            10.0
05-May-2026 20:03:44.621 情報 [main] org.apache.catalina.startup.VersionLoggerListener.log アーキテクチャ:           amd64
05-May-2026 20:03:44.621 情報 [main] org.apache.catalina.startup.VersionLoggerListener.log Java Home:                C:\Program Files\Eclipse Adoptium\jdk-17.0.18.8-hotspot
05-May-2026 20:03:44.621 情報 [main] org.apache.catalina.startup.VersionLoggerListener.log JVM バージョン:           17.0.18+8
05-May-2026 20:03:44.621 情報 [main] org.apache.catalina.startup.VersionLoggerListener.log JVM ベンダ:               Eclipse Adoptium
05-May-2026 20:03:44.621 情報 [main] org.apache.catalina.startup.VersionLoggerListener.log CATALINA_BASE:            C:\Users\Public\folder\Attachments\test2\.tools\apache-tomcat-9.0.105
05-May-2026 20:03:44.621 情報 [main] org.apache.catalina.startup.VersionLoggerListener.log CATALINA_HOME:            C:\Users\Public\folder\Attachments\test2\.tools\apache-tomcat-9.0.105
05-May-2026 20:03:44.633 情報 [main] org.apache.catalina.startup.VersionLoggerListener.log コマンドライン引数:       --add-opens=java.base/java.lang=ALL-UNNAMED
05-May-2026 20:03:44.633 情報 [main] org.apache.catalina.startup.VersionLoggerListener.log コマンドライン引数:       --add-opens=java.base/java.lang.invoke=ALL-UNNAMED
05-May-2026 20:03:44.633 情報 [main] org.apache.catalina.startup.VersionLoggerListener.log コマンドライン引数:       --add-opens=java.base/java.lang.reflect=ALL-UNNAMED
05-May-2026 20:03:44.633 情報 [main] org.apache.catalina.startup.VersionLoggerListener.log コマンドライン引数:       --add-opens=java.base/java.io=ALL-UNNAMED
05-May-2026 20:03:44.633 情報 [main] org.apache.catalina.startup.VersionLoggerListener.log コマンドライン引数:       --add-opens=java.base/java.util=ALL-UNNAMED
05-May-2026 20:03:44.633 情報 [main] org.apache.catalina.startup.VersionLoggerListener.log コマンドライン引数:       --add-opens=java.base/java.util.concurrent=ALL-UNNAMED
05-May-2026 20:03:44.633 情報 [main] org.apache.catalina.startup.VersionLoggerListener.log コマンドライン引数:       --add-opens=java.rmi/sun.rmi.transport=ALL-UNNAMED
05-May-2026 20:03:44.633 情報 [main] org.apache.catalina.startup.VersionLoggerListener.log コマンドライン引数:       -Djava.util.logging.config.file=C:\Users\Public\folder\Attachments\test2\.tools\apache-tomcat-9.0.105\conf\logging.properties
05-May-2026 20:03:44.633 情報 [main] org.apache.catalina.startup.VersionLoggerListener.log コマンドライン引数:       -Djava.util.logging.manager=org.apache.juli.ClassLoaderLogManager
05-May-2026 20:03:44.633 情報 [main] org.apache.catalina.startup.VersionLoggerListener.log コマンドライン引数:       -Djdk.tls.ephemeralDHKeySize=2048
05-May-2026 20:03:44.633 情報 [main] org.apache.catalina.startup.VersionLoggerListener.log コマンドライン引数:       -Djava.protocol.handler.pkgs=org.apache.catalina.webresources
05-May-2026 20:03:44.633 情報 [main] org.apache.catalina.startup.VersionLoggerListener.log コマンドライン引数:       -Dsun.io.useCanonCaches=false
05-May-2026 20:03:44.633 情報 [main] org.apache.catalina.startup.VersionLoggerListener.log コマンドライン引数:       -Dignore.endorsed.dirs=
05-May-2026 20:03:44.633 情報 [main] org.apache.catalina.startup.VersionLoggerListener.log コマンドライン引数:       -Dcatalina.base=C:\Users\Public\folder\Attachments\test2\.tools\apache-tomcat-9.0.105
05-May-2026 20:03:44.633 情報 [main] org.apache.catalina.startup.VersionLoggerListener.log コマンドライン引数:       -Dcatalina.home=C:\Users\Public\folder\Attachments\test2\.tools\apache-tomcat-9.0.105
05-May-2026 20:03:44.633 情報 [main] org.apache.catalina.startup.VersionLoggerListener.log コマンドライン引数:       -Djava.io.tmpdir=C:\Users\Public\folder\Attachments\test2\.tools\apache-tomcat-9.0.105\temp
05-May-2026 20:03:44.633 情報 [main] org.apache.catalina.core.AprLifecycleListener.lifecycleEvent APRバージョン[1.7.4]を使用してAPRベースのApache Tomcatネイティブライブラリ[1.3.1]をロードしました。
05-May-2026 20:03:44.633 情報 [main] org.apache.catalina.core.AprLifecycleListener.lifecycleEvent APR機能: IPv6 [true]、sendfile [true]、受け入れフィルタ [false]、ランダム [true]、UDS [true]
05-May-2026 20:03:44.633 情報 [main] org.apache.catalina.core.AprLifecycleListener.lifecycleEvent APR/OpenSSL設定：useAprConnector [false]、useOpenSSL [true]
05-May-2026 20:03:44.633 情報 [main] org.apache.catalina.core.AprLifecycleListener.initializeSSL OpenSSLは [OpenSSL 3.0.14 4 Jun 2024] を正常に初期化しました
05-May-2026 20:03:44.806 情報 [main] org.apache.coyote.AbstractProtocol.init プロトコルハンドラ ["http-nio-8080"] を初期化します。
05-May-2026 20:03:44.836 情報 [main] org.apache.catalina.startup.Catalina.load サーバーの初期化 [371] ミリ秒
05-May-2026 20:03:44.887 情報 [main] org.apache.catalina.core.StandardService.startInternal サービス [Catalina] を起動します
05-May-2026 20:03:44.887 情報 [main] org.apache.catalina.core.StandardEngine.startInternal サーブレットエンジンの起動：[Apache Tomcat/9.0.105]
05-May-2026 20:03:44.908 情報 [main] org.apache.catalina.startup.HostConfig.deployWAR Webアプリケーションアーカイブ [C:\Users\Public\folder\Attachments\test2\.tools\apache-tomcat-9.0.105\webapps\test-webapp.war] を配備します
05-May-2026 20:03:44.938 情報 [main] org.apache.catalina.startup.ExpandWar.expand 関連付けられた WAR ファイルと最終更新日時の異なる展開先ディレクトリ [C:\Users\Public\folder\Attachments\test2\.tools\apache-tomcat-9.0.105\webapps\test-webapp] が見つかりました。削除します。
05-May-2026 20:03:47.277 情報 [main] org.apache.jasper.servlet.TldScanner.scanJars 少なくとも1つのJARでTLDをスキャンしましたが、TLDが含まれていませんでした。スキャンしたもののTLDが見つからなかったJARの完全なリストについては、このロガーのデバッグログを有効にしてください。スキャン中に不要なJARをスキップすると、起動時間とJSPのコンパイル時間が短縮されます。
05-May-2026 20:03:47.483 情報 [main] org.apache.catalina.startup.HostConfig.deployWAR Web アプリケーションアーカイブ [C:\Users\Public\folder\Attachments\test2\.tools\apache-tomcat-9.0.105\webapps\test-webapp.war] の配備は [2,575] ミリ秒で完了しました
05-May-2026 20:03:47.483 情報 [main] org.apache.catalina.startup.HostConfig.deployDirectory Web アプリケーションディレクトリ [C:\Users\Public\folder\Attachments\test2\.tools\apache-tomcat-9.0.105\webapps\docs] を配備します
05-May-2026 20:03:47.526 情報 [main] org.apache.catalina.startup.HostConfig.deployDirectory ディレクトリ [C:\Users\Public\folder\Attachments\test2\.tools\apache-tomcat-9.0.105\webapps\docs] の Web アプリケーションの配備は [43] ミリ秒で完了しました。
05-May-2026 20:03:47.526 情報 [main] org.apache.catalina.startup.HostConfig.deployDirectory Web アプリケーションディレクトリ [C:\Users\Public\folder\Attachments\test2\.tools\apache-tomcat-9.0.105\webapps\examples] を配備します
05-May-2026 20:03:47.853 情報 [main] org.apache.catalina.startup.HostConfig.deployDirectory ディレクトリ [C:\Users\Public\folder\Attachments\test2\.tools\apache-tomcat-9.0.105\webapps\examples] の Web アプリケーションの配備は [327] ミリ秒で完了しました。
05-May-2026 20:03:47.853 情報 [main] org.apache.catalina.startup.HostConfig.deployDirectory Web アプリケーションディレクトリ [C:\Users\Public\folder\Attachments\test2\.tools\apache-tomcat-9.0.105\webapps\host-manager] を配備します
05-May-2026 20:03:47.902 情報 [main] org.apache.catalina.startup.HostConfig.deployDirectory ディレクトリ [C:\Users\Public\folder\Attachments\test2\.tools\apache-tomcat-9.0.105\webapps\host-manager] の Web アプリケーションの配備は [49] ミリ秒で完了しました。
05-May-2026 20:03:47.906 情報 [main] org.apache.catalina.startup.HostConfig.deployDirectory Web アプリケーションディレクトリ [C:\Users\Public\folder\Attachments\test2\.tools\apache-tomcat-9.0.105\webapps\manager] を配備します
05-May-2026 20:03:47.932 情報 [main] org.apache.catalina.startup.HostConfig.deployDirectory ディレクトリ [C:\Users\Public\folder\Attachments\test2\.tools\apache-tomcat-9.0.105\webapps\manager] の Web アプリケーションの配備は [26] ミリ秒で完了しました。
05-May-2026 20:03:47.932 情報 [main] org.apache.catalina.startup.HostConfig.deployDirectory Web アプリケーションディレクトリ [C:\Users\Public\folder\Attachments\test2\.tools\apache-tomcat-9.0.105\webapps\ROOT] を配備します
05-May-2026 20:03:47.975 情報 [main] org.apache.catalina.startup.HostConfig.deployDirectory ディレクトリ [C:\Users\Public\folder\Attachments\test2\.tools\apache-tomcat-9.0.105\webapps\ROOT] の Web アプリケーションの配備は [42] ミリ秒で完了しました。
05-May-2026 20:03:47.980 情報 [main] org.apache.coyote.AbstractProtocol.start プロトコルハンドラー ["http-nio-8080"] を開始しました。
05-May-2026 20:03:48.108 情報 [main] org.apache.catalina.startup.Catalina.start サーバーの起動 [3271] ミリ秒
05-May-2026 20:04:02.356 警告 [http-nio-8080-exec-2] org.openqa.selenium.manager.SeleniumManager.lambda$runCommand$1 The chromedriver version (131.0.6778.85) detected in PATH at chromedriver.EXE might not be compatible with the detected chrome version (147.0.7727.138); currently, chromedriver 147.0.7727.117 is recommended for chrome 147.*, so it is advised to delete the driver in PATH and retry
05-May-2026 20:05:56.094 情報 [main] org.apache.catalina.core.StandardServer.await 有効なシャットダウンコマンドがシャットダウンポート経由で受信されました。 サーバーインスタンスを停止します。
05-May-2026 20:05:56.095 情報 [main] org.apache.coyote.AbstractProtocol.pause ProtocolHandler ["http-nio-8080"] を一時停止します。
05-May-2026 20:05:56.161 情報 [main] org.apache.catalina.core.StandardService.stopInternal サービス [Catalina] を停止します
05-May-2026 20:05:56.203 警告 [main] org.apache.catalina.loader.WebappClassLoaderBase.clearReferencesThreads Webアプリケーション [test-webapp] は [CompletableFutureDelayScheduler] という名前のスレッドを開始したようですが、停止に失敗しました。これはメモリリークを引き起こす可能性が非常に高いです。スレッドのスタックトレース: 
 java.base@17.0.18/jdk.internal.misc.Unsafe.park(Native Method)
 java.base@17.0.18/java.util.concurrent.locks.LockSupport.parkNanos(LockSupport.java:252)
 java.base@17.0.18/java.util.concurrent.locks.AbstractQueuedSynchronizer$ConditionObject.awaitNanos(AbstractQueuedSynchronizer.java:1679)
 java.base@17.0.18/java.util.concurrent.ScheduledThreadPoolExecutor$DelayedWorkQueue.take(ScheduledThreadPoolExecutor.java:1182)
 java.base@17.0.18/java.util.concurrent.ScheduledThreadPoolExecutor$DelayedWorkQueue.take(ScheduledThreadPoolExecutor.java:899)
 java.base@17.0.18/java.util.concurrent.ThreadPoolExecutor.getTask(ThreadPoolExecutor.java:1062)
 java.base@17.0.18/java.util.concurrent.ThreadPoolExecutor.runWorker(ThreadPoolExecutor.java:1122)
 java.base@17.0.18/java.util.concurrent.ThreadPoolExecutor$Worker.run(ThreadPoolExecutor.java:635)
 java.base@17.0.18/java.lang.Thread.run(Thread.java:840)
05-May-2026 20:05:56.215 情報 [main] org.apache.coyote.AbstractProtocol.stop ProtocolHandler ["http-nio-8080"]の停止中
05-May-2026 20:05:56.231 情報 [main] org.apache.coyote.AbstractProtocol.destroy ProtocolHandler ["http-nio-8080"] を破棄します。
05-May-2026 20:05:57.481 情報 [main] org.apache.catalina.startup.VersionLoggerListener.log Serverのバージョン名:     Apache Tomcat/9.0.105
05-May-2026 20:05:57.485 情報 [main] org.apache.catalina.startup.VersionLoggerListener.log Server ビルド:            May 7 2025 18:36:02 UTC
05-May-2026 20:05:57.486 情報 [main] org.apache.catalina.startup.VersionLoggerListener.log サーバーのバージョン番号: 9.0.105.0
05-May-2026 20:05:57.486 情報 [main] org.apache.catalina.startup.VersionLoggerListener.log OS 名:                    Windows 11
05-May-2026 20:05:57.487 情報 [main] org.apache.catalina.startup.VersionLoggerListener.log OS バージョン:            10.0
05-May-2026 20:05:57.487 情報 [main] org.apache.catalina.startup.VersionLoggerListener.log アーキテクチャ:           amd64
05-May-2026 20:05:57.487 情報 [main] org.apache.catalina.startup.VersionLoggerListener.log Java Home:                C:\Program Files\Eclipse Adoptium\jdk-17.0.18.8-hotspot
05-May-2026 20:05:57.487 情報 [main] org.apache.catalina.startup.VersionLoggerListener.log JVM バージョン:           17.0.18+8
05-May-2026 20:05:57.487 情報 [main] org.apache.catalina.startup.VersionLoggerListener.log JVM ベンダ:               Eclipse Adoptium
05-May-2026 20:05:57.488 情報 [main] org.apache.catalina.startup.VersionLoggerListener.log CATALINA_BASE:            C:\Users\Public\folder\Attachments\test2\.tools\apache-tomcat-9.0.105
05-May-2026 20:05:57.488 情報 [main] org.apache.catalina.startup.VersionLoggerListener.log CATALINA_HOME:            C:\Users\Public\folder\Attachments\test2\.tools\apache-tomcat-9.0.105
05-May-2026 20:05:57.503 情報 [main] org.apache.catalina.startup.VersionLoggerListener.log コマンドライン引数:       --add-opens=java.base/java.lang=ALL-UNNAMED
05-May-2026 20:05:57.503 情報 [main] org.apache.catalina.startup.VersionLoggerListener.log コマンドライン引数:       --add-opens=java.base/java.lang.invoke=ALL-UNNAMED
05-May-2026 20:05:57.503 情報 [main] org.apache.catalina.startup.VersionLoggerListener.log コマンドライン引数:       --add-opens=java.base/java.lang.reflect=ALL-UNNAMED
05-May-2026 20:05:57.504 情報 [main] org.apache.catalina.startup.VersionLoggerListener.log コマンドライン引数:       --add-opens=java.base/java.io=ALL-UNNAMED
05-May-2026 20:05:57.504 情報 [main] org.apache.catalina.startup.VersionLoggerListener.log コマンドライン引数:       --add-opens=java.base/java.util=ALL-UNNAMED
05-May-2026 20:05:57.504 情報 [main] org.apache.catalina.startup.VersionLoggerListener.log コマンドライン引数:       --add-opens=java.base/java.util.concurrent=ALL-UNNAMED
05-May-2026 20:05:57.505 情報 [main] org.apache.catalina.startup.VersionLoggerListener.log コマンドライン引数:       --add-opens=java.rmi/sun.rmi.transport=ALL-UNNAMED
05-May-2026 20:05:57.505 情報 [main] org.apache.catalina.startup.VersionLoggerListener.log コマンドライン引数:       -Djava.util.logging.config.file=C:\Users\Public\folder\Attachments\test2\.tools\apache-tomcat-9.0.105\conf\logging.properties
05-May-2026 20:05:57.506 情報 [main] org.apache.catalina.startup.VersionLoggerListener.log コマンドライン引数:       -Djava.util.logging.manager=org.apache.juli.ClassLoaderLogManager
05-May-2026 20:05:57.506 情報 [main] org.apache.catalina.startup.VersionLoggerListener.log コマンドライン引数:       -Djdk.tls.ephemeralDHKeySize=2048
05-May-2026 20:05:57.506 情報 [main] org.apache.catalina.startup.VersionLoggerListener.log コマンドライン引数:       -Djava.protocol.handler.pkgs=org.apache.catalina.webresources
05-May-2026 20:05:57.507 情報 [main] org.apache.catalina.startup.VersionLoggerListener.log コマンドライン引数:       -Dsun.io.useCanonCaches=false
05-May-2026 20:05:57.507 情報 [main] org.apache.catalina.startup.VersionLoggerListener.log コマンドライン引数:       -Dignore.endorsed.dirs=
05-May-2026 20:05:57.507 情報 [main] org.apache.catalina.startup.VersionLoggerListener.log コマンドライン引数:       -Dcatalina.base=C:\Users\Public\folder\Attachments\test2\.tools\apache-tomcat-9.0.105
05-May-2026 20:05:57.507 情報 [main] org.apache.catalina.startup.VersionLoggerListener.log コマンドライン引数:       -Dcatalina.home=C:\Users\Public\folder\Attachments\test2\.tools\apache-tomcat-9.0.105
05-May-2026 20:05:57.508 情報 [main] org.apache.catalina.startup.VersionLoggerListener.log コマンドライン引数:       -Djava.io.tmpdir=C:\Users\Public\folder\Attachments\test2\.tools\apache-tomcat-9.0.105\temp
05-May-2026 20:05:57.511 情報 [main] org.apache.catalina.core.AprLifecycleListener.lifecycleEvent APRバージョン[1.7.4]を使用してAPRベースのApache Tomcatネイティブライブラリ[1.3.1]をロードしました。
05-May-2026 20:05:57.511 情報 [main] org.apache.catalina.core.AprLifecycleListener.lifecycleEvent APR機能: IPv6 [true]、sendfile [true]、受け入れフィルタ [false]、ランダム [true]、UDS [true]
05-May-2026 20:05:57.511 情報 [main] org.apache.catalina.core.AprLifecycleListener.lifecycleEvent APR/OpenSSL設定：useAprConnector [false]、useOpenSSL [true]
05-May-2026 20:05:57.517 情報 [main] org.apache.catalina.core.AprLifecycleListener.initializeSSL OpenSSLは [OpenSSL 3.0.14 4 Jun 2024] を正常に初期化しました
05-May-2026 20:05:57.689 情報 [main] org.apache.coyote.AbstractProtocol.init プロトコルハンドラ ["http-nio-8080"] を初期化します。
05-May-2026 20:05:57.715 情報 [main] org.apache.catalina.startup.Catalina.load サーバーの初期化 [393] ミリ秒
05-May-2026 20:05:57.802 情報 [main] org.apache.catalina.core.StandardService.startInternal サービス [Catalina] を起動します
05-May-2026 20:05:57.802 情報 [main] org.apache.catalina.core.StandardEngine.startInternal サーブレットエンジンの起動：[Apache Tomcat/9.0.105]
05-May-2026 20:05:57.834 情報 [main] org.apache.catalina.startup.HostConfig.deployWAR Webアプリケーションアーカイブ [C:\Users\Public\folder\Attachments\test2\.tools\apache-tomcat-9.0.105\webapps\test-webapp.war] を配備します
05-May-2026 20:05:57.868 情報 [main] org.apache.catalina.startup.ExpandWar.expand 関連付けられた WAR ファイルと最終更新日時の異なる展開先ディレクトリ [C:\Users\Public\folder\Attachments\test2\.tools\apache-tomcat-9.0.105\webapps\test-webapp] が見つかりました。削除します。
05-May-2026 20:06:01.143 情報 [main] org.apache.jasper.servlet.TldScanner.scanJars 少なくとも1つのJARでTLDをスキャンしましたが、TLDが含まれていませんでした。スキャンしたもののTLDが見つからなかったJARの完全なリストについては、このロガーのデバッグログを有効にしてください。スキャン中に不要なJARをスキップすると、起動時間とJSPのコンパイル時間が短縮されます。
05-May-2026 20:06:01.302 情報 [main] org.apache.catalina.startup.HostConfig.deployWAR Web アプリケーションアーカイブ [C:\Users\Public\folder\Attachments\test2\.tools\apache-tomcat-9.0.105\webapps\test-webapp.war] の配備は [3,467] ミリ秒で完了しました
05-May-2026 20:06:01.303 情報 [main] org.apache.catalina.startup.HostConfig.deployDirectory Web アプリケーションディレクトリ [C:\Users\Public\folder\Attachments\test2\.tools\apache-tomcat-9.0.105\webapps\docs] を配備します
05-May-2026 20:06:01.347 情報 [main] org.apache.catalina.startup.HostConfig.deployDirectory ディレクトリ [C:\Users\Public\folder\Attachments\test2\.tools\apache-tomcat-9.0.105\webapps\docs] の Web アプリケーションの配備は [44] ミリ秒で完了しました。
05-May-2026 20:06:01.348 情報 [main] org.apache.catalina.startup.HostConfig.deployDirectory Web アプリケーションディレクトリ [C:\Users\Public\folder\Attachments\test2\.tools\apache-tomcat-9.0.105\webapps\examples] を配備します
05-May-2026 20:06:01.760 情報 [main] org.apache.catalina.startup.HostConfig.deployDirectory ディレクトリ [C:\Users\Public\folder\Attachments\test2\.tools\apache-tomcat-9.0.105\webapps\examples] の Web アプリケーションの配備は [411] ミリ秒で完了しました。
05-May-2026 20:06:01.760 情報 [main] org.apache.catalina.startup.HostConfig.deployDirectory Web アプリケーションディレクトリ [C:\Users\Public\folder\Attachments\test2\.tools\apache-tomcat-9.0.105\webapps\host-manager] を配備します
05-May-2026 20:06:01.800 情報 [main] org.apache.catalina.startup.HostConfig.deployDirectory ディレクトリ [C:\Users\Public\folder\Attachments\test2\.tools\apache-tomcat-9.0.105\webapps\host-manager] の Web アプリケーションの配備は [39] ミリ秒で完了しました。
05-May-2026 20:06:01.800 情報 [main] org.apache.catalina.startup.HostConfig.deployDirectory Web アプリケーションディレクトリ [C:\Users\Public\folder\Attachments\test2\.tools\apache-tomcat-9.0.105\webapps\manager] を配備します
05-May-2026 20:06:01.835 情報 [main] org.apache.catalina.startup.HostConfig.deployDirectory ディレクトリ [C:\Users\Public\folder\Attachments\test2\.tools\apache-tomcat-9.0.105\webapps\manager] の Web アプリケーションの配備は [35] ミリ秒で完了しました。
05-May-2026 20:06:01.836 情報 [main] org.apache.catalina.startup.HostConfig.deployDirectory Web アプリケーションディレクトリ [C:\Users\Public\folder\Attachments\test2\.tools\apache-tomcat-9.0.105\webapps\ROOT] を配備します
05-May-2026 20:06:01.868 情報 [main] org.apache.catalina.startup.HostConfig.deployDirectory ディレクトリ [C:\Users\Public\folder\Attachments\test2\.tools\apache-tomcat-9.0.105\webapps\ROOT] の Web アプリケーションの配備は [32] ミリ秒で完了しました。
05-May-2026 20:06:01.873 情報 [main] org.apache.coyote.AbstractProtocol.start プロトコルハンドラー ["http-nio-8080"] を開始しました。
05-May-2026 20:06:01.918 情報 [main] org.apache.catalina.startup.Catalina.start サーバーの起動 [4202] ミリ秒
05-May-2026 20:06:14.198 警告 [http-nio-8080-exec-9] org.openqa.selenium.manager.SeleniumManager.lambda$runCommand$1 The chromedriver version (131.0.6778.85) detected in PATH at chromedriver.EXE might not be compatible with the detected chrome version (147.0.7727.138); currently, chromedriver 147.0.7727.117 is recommended for chrome 147.*, so it is advised to delete the driver in PATH and retry
05-May-2026 20:07:02.693 警告 [http-nio-8080-exec-8] org.openqa.selenium.manager.SeleniumManager.lambda$runCommand$1 The chromedriver version (131.0.6778.85) detected in PATH at chromedriver.EXE might not be compatible with the detected chrome version (147.0.7727.138); currently, chromedriver 147.0.7727.117 is recommended for chrome 147.*, so it is advised to delete the driver in PATH and retry
