05-May-2026 19:50:12.200 情報 [main] org.apache.catalina.core.ApplicationContext.log Web application initialized.
05-May-2026 19:50:12.529 情報 [main] org.apache.catalina.core.ApplicationContext.log ContextListener: contextInitialized()
05-May-2026 19:50:12.529 情報 [main] org.apache.catalina.core.ApplicationContext.log SessionListener: contextInitialized()
05-May-2026 19:50:12.530 情報 [main] org.apache.catalina.core.ApplicationContext.log ContextListener: attributeAdded('StockTicker', 'async.Stockticker@138110f8')
05-May-2026 19:55:52.177 情報 [main] org.apache.catalina.core.ApplicationContext.log Web application initialized.
05-May-2026 19:55:54.235 情報 [main] org.apache.catalina.core.ApplicationContext.log ContextListener: contextInitialized()
05-May-2026 19:55:54.235 情報 [main] org.apache.catalina.core.ApplicationContext.log SessionListener: contextInitialized()
05-May-2026 19:55:54.243 情報 [main] org.apache.catalina.core.ApplicationContext.log ContextListener: attributeAdded('StockTicker', 'async.Stockticker@7d2ddbf3')
05-May-2026 19:55:54.822 情報 [main] org.apache.catalina.core.ApplicationContext.log SessionListener: contextDestroyed()
05-May-2026 19:55:54.822 情報 [main] org.apache.catalina.core.ApplicationContext.log ContextListener: contextDestroyed()
05-May-2026 19:56:05.188 情報 [Catalina-utility-1] org.apache.catalina.core.ApplicationContext.log Web application initialized.
05-May-2026 19:57:21.309 重大 [http-nio-8080-exec-11] org.apache.catalina.core.StandardWrapperValve.invoke サーブレット [com.example.servlet.AlternativeServlet] のServlet.service()が例外を投げました
	org.openqa.selenium.SessionNotCreatedException: Could not start a new session. Response code 500. Message: session not created: This version of ChromeDriver only supports Chrome version 131
Current browser version is 147.0.7727.138 with binary path C:\Program Files\Google\Chrome\Application\chrome.exe 
Host info: host: 'AOI-YOSHI', ip: '192.168.3.12'
Build info: version: '4.27.0', revision: 'd6e718d'
System info: os.name: 'Windows 11', os.arch: 'amd64', os.version: '10.0', java.version: '17.0.18'
Driver info: org.openqa.selenium.chrome.ChromeDriver
Command: [null, newSession {capabilities=[Capabilities {browserName: chrome, goog:chromeOptions: {args: [--headless, --disable-gpu, --no-sandbox], binary: C:\Program Files\Google\Chr..., extensions: []}}]}]
		at org.openqa.selenium.remote.ProtocolHandshake.createSession(ProtocolHandshake.java:114)
		at org.openqa.selenium.remote.ProtocolHandshake.createSession(ProtocolHandshake.java:75)
		at org.openqa.selenium.remote.ProtocolHandshake.createSession(ProtocolHandshake.java:61)
		at org.openqa.selenium.remote.HttpCommandExecutor.execute(HttpCommandExecutor.java:162)
		at org.openqa.selenium.remote.service.DriverCommandExecutor.invokeExecute(DriverCommandExecutor.java:216)
		at org.openqa.selenium.remote.service.DriverCommandExecutor.execute(DriverCommandExecutor.java:174)
		at org.openqa.selenium.remote.RemoteWebDriver.execute(RemoteWebDriver.java:545)
		at org.openqa.selenium.remote.RemoteWebDriver.startSession(RemoteWebDriver.java:245)
		at org.openqa.selenium.remote.RemoteWebDriver.<init>(RemoteWebDriver.java:174)
		at org.openqa.selenium.chromium.ChromiumDriver.<init>(ChromiumDriver.java:114)
		at org.openqa.selenium.chrome.ChromeDriver.<init>(ChromeDriver.java:88)
		at org.openqa.selenium.chrome.ChromeDriver.<init>(ChromeDriver.java:83)
		at org.openqa.selenium.chrome.ChromeDriver.<init>(ChromeDriver.java:72)
		at com.example.service.Test.ExtractUrl(Test.java:125)
		at com.example.service.AllergyService.alternative(AllergyService.java:97)
		at com.example.servlet.AlternativeServlet.doPost(AlternativeServlet.java:29)
		at javax.servlet.http.HttpServlet.service(HttpServlet.java:555)
		at javax.servlet.http.HttpServlet.service(HttpServlet.java:623)
		at org.apache.catalina.core.ApplicationFilterChain.internalDoFilter(ApplicationFilterChain.java:199)
		at org.apache.catalina.core.ApplicationFilterChain.doFilter(ApplicationFilterChain.java:144)
		at org.apache.tomcat.websocket.server.WsFilter.doFilter(WsFilter.java:51)
		at org.apache.catalina.core.ApplicationFilterChain.internalDoFilter(ApplicationFilterChain.java:168)
		at org.apache.catalina.core.ApplicationFilterChain.doFilter(ApplicationFilterChain.java:144)
		at org.apache.catalina.core.StandardWrapperValve.invoke(StandardWrapperValve.java:168)
		at org.apache.catalina.core.StandardContextValve.invoke(StandardContextValve.java:90)
		at org.apache.catalina.authenticator.AuthenticatorBase.invoke(AuthenticatorBase.java:482)
		at org.apache.catalina.core.StandardHostValve.invoke(StandardHostValve.java:130)
		at org.apache.catalina.valves.ErrorReportValve.invoke(ErrorReportValve.java:93)
		at org.apache.catalina.valves.AbstractAccessLogValve.invoke(AbstractAccessLogValve.java:656)
		at org.apache.catalina.core.StandardEngineValve.invoke(StandardEngineValve.java:74)
		at org.apache.catalina.connector.CoyoteAdapter.service(CoyoteAdapter.java:346)
		at org.apache.coyote.http11.Http11Processor.service(Http11Processor.java:397)
		at org.apache.coyote.AbstractProcessorLight.process(AbstractProcessorLight.java:63)
		at org.apache.coyote.AbstractProtocol$ConnectionHandler.process(AbstractProtocol.java:935)
		at org.apache.tomcat.util.net.NioEndpoint$SocketProcessor.doRun(NioEndpoint.java:1792)
		at org.apache.tomcat.util.net.SocketProcessorBase.run(SocketProcessorBase.java:52)
		at org.apache.tomcat.util.threads.ThreadPoolExecutor.runWorker(ThreadPoolExecutor.java:1189)
		at org.apache.tomcat.util.threads.ThreadPoolExecutor$Worker.run(ThreadPoolExecutor.java:658)
		at org.apache.tomcat.util.threads.TaskThread$WrappingRunnable.run(TaskThread.java:63)
		at java.base/java.lang.Thread.run(Thread.java:840)
05-May-2026 20:01:00.785 重大 [http-nio-8080-exec-17] org.apache.catalina.core.StandardWrapperValve.invoke サーブレット [com.example.servlet.AlternativeServlet] のServlet.service()が例外を投げました
	org.openqa.selenium.SessionNotCreatedException: Could not start a new session. Response code 500. Message: session not created: This version of ChromeDriver only supports Chrome version 131
Current browser version is 147.0.7727.138 with binary path C:\Program Files\Google\Chrome\Application\chrome.exe 
Host info: host: 'AOI-YOSHI', ip: '192.168.3.12'
Build info: version: '4.27.0', revision: 'd6e718d'
System info: os.name: 'Windows 11', os.arch: 'amd64', os.version: '10.0', java.version: '17.0.18'
Driver info: org.openqa.selenium.chrome.ChromeDriver
Command: [null, newSession {capabilities=[Capabilities {browserName: chrome, goog:chromeOptions: {args: [--headless, --disable-gpu, --no-sandbox], binary: C:\Program Files\Google\Chr..., extensions: []}}]}]
		at org.openqa.selenium.remote.ProtocolHandshake.createSession(ProtocolHandshake.java:114)
		at org.openqa.selenium.remote.ProtocolHandshake.createSession(ProtocolHandshake.java:75)
		at org.openqa.selenium.remote.ProtocolHandshake.createSession(ProtocolHandshake.java:61)
		at org.openqa.selenium.remote.HttpCommandExecutor.execute(HttpCommandExecutor.java:162)
		at org.openqa.selenium.remote.service.DriverCommandExecutor.invokeExecute(DriverCommandExecutor.java:216)
		at org.openqa.selenium.remote.service.DriverCommandExecutor.execute(DriverCommandExecutor.java:174)
		at org.openqa.selenium.remote.RemoteWebDriver.execute(RemoteWebDriver.java:545)
		at org.openqa.selenium.remote.RemoteWebDriver.startSession(RemoteWebDriver.java:245)
		at org.openqa.selenium.remote.RemoteWebDriver.<init>(RemoteWebDriver.java:174)
		at org.openqa.selenium.chromium.ChromiumDriver.<init>(ChromiumDriver.java:114)
		at org.openqa.selenium.chrome.ChromeDriver.<init>(ChromeDriver.java:88)
		at org.openqa.selenium.chrome.ChromeDriver.<init>(ChromeDriver.java:83)
		at org.openqa.selenium.chrome.ChromeDriver.<init>(ChromeDriver.java:72)
		at com.example.service.Test.ExtractUrl(Test.java:125)
		at com.example.service.AllergyService.alternative(AllergyService.java:97)
		at com.example.servlet.AlternativeServlet.doPost(AlternativeServlet.java:29)
		at javax.servlet.http.HttpServlet.service(HttpServlet.java:555)
		at javax.servlet.http.HttpServlet.service(HttpServlet.java:623)
		at org.apache.catalina.core.ApplicationFilterChain.internalDoFilter(ApplicationFilterChain.java:199)
		at org.apache.catalina.core.ApplicationFilterChain.doFilter(ApplicationFilterChain.java:144)
		at org.apache.tomcat.websocket.server.WsFilter.doFilter(WsFilter.java:51)
		at org.apache.catalina.core.ApplicationFilterChain.internalDoFilter(ApplicationFilterChain.java:168)
		at org.apache.catalina.core.ApplicationFilterChain.doFilter(ApplicationFilterChain.java:144)
		at org.apache.catalina.core.StandardWrapperValve.invoke(StandardWrapperValve.java:168)
		at org.apache.catalina.core.StandardContextValve.invoke(StandardContextValve.java:90)
		at org.apache.catalina.authenticator.AuthenticatorBase.invoke(AuthenticatorBase.java:482)
		at org.apache.catalina.core.StandardHostValve.invoke(StandardHostValve.java:130)
		at org.apache.catalina.valves.ErrorReportValve.invoke(ErrorReportValve.java:93)
		at org.apache.catalina.valves.AbstractAccessLogValve.invoke(AbstractAccessLogValve.java:656)
		at org.apache.catalina.core.StandardEngineValve.invoke(StandardEngineValve.java:74)
		at org.apache.catalina.connector.CoyoteAdapter.service(CoyoteAdapter.java:346)
		at org.apache.coyote.http11.Http11Processor.service(Http11Processor.java:397)
		at org.apache.coyote.AbstractProcessorLight.process(AbstractProcessorLight.java:63)
		at org.apache.coyote.AbstractProtocol$ConnectionHandler.process(AbstractProtocol.java:935)
		at org.apache.tomcat.util.net.NioEndpoint$SocketProcessor.doRun(NioEndpoint.java:1792)
		at org.apache.tomcat.util.net.SocketProcessorBase.run(SocketProcessorBase.java:52)
		at org.apache.tomcat.util.threads.ThreadPoolExecutor.runWorker(ThreadPoolExecutor.java:1189)
		at org.apache.tomcat.util.threads.ThreadPoolExecutor$Worker.run(ThreadPoolExecutor.java:658)
		at org.apache.tomcat.util.threads.TaskThread$WrappingRunnable.run(TaskThread.java:63)
		at java.base/java.lang.Thread.run(Thread.java:840)
05-May-2026 20:03:43.828 情報 [main] org.apache.catalina.core.ApplicationContext.log SessionListener: contextDestroyed()
05-May-2026 20:03:43.828 情報 [main] org.apache.catalina.core.ApplicationContext.log ContextListener: contextDestroyed()
05-May-2026 20:03:47.419 情報 [main] org.apache.catalina.core.ApplicationContext.log Web application initialized.
05-May-2026 20:03:47.816 情報 [main] org.apache.catalina.core.ApplicationContext.log ContextListener: contextInitialized()
05-May-2026 20:03:47.830 情報 [main] org.apache.catalina.core.ApplicationContext.log SessionListener: contextInitialized()
05-May-2026 20:03:47.834 情報 [main] org.apache.catalina.core.ApplicationContext.log ContextListener: attributeAdded('StockTicker', 'async.Stockticker@a904e64')
05-May-2026 20:05:56.181 情報 [main] org.apache.catalina.core.ApplicationContext.log SessionListener: contextDestroyed()
05-May-2026 20:05:56.181 情報 [main] org.apache.catalina.core.ApplicationContext.log ContextListener: contextDestroyed()
05-May-2026 20:06:01.232 情報 [main] org.apache.catalina.core.ApplicationContext.log Web application initialized.
05-May-2026 20:06:01.742 情報 [main] org.apache.catalina.core.ApplicationContext.log ContextListener: contextInitialized()
05-May-2026 20:06:01.742 情報 [main] org.apache.catalina.core.ApplicationContext.log SessionListener: contextInitialized()
05-May-2026 20:06:01.744 情報 [main] org.apache.catalina.core.ApplicationContext.log ContextListener: attributeAdded('StockTicker', 'async.Stockticker@14e54a35')
05-May-2026 20:59:01.078 情報 [main] org.apache.catalina.core.ApplicationContext.log SessionListener: contextDestroyed()
05-May-2026 20:59:01.078 情報 [main] org.apache.catalina.core.ApplicationContext.log ContextListener: contextDestroyed()
05-May-2026 20:59:04.759 情報 [main] org.apache.catalina.core.ApplicationContext.log Web application initialized.
05-May-2026 20:59:07.054 情報 [main] org.apache.catalina.core.ApplicationContext.log Web application initialized.
05-May-2026 20:59:07.488 情報 [main] org.apache.catalina.core.ApplicationContext.log ContextListener: contextInitialized()
05-May-2026 20:59:07.488 情報 [main] org.apache.catalina.core.ApplicationContext.log SessionListener: contextInitialized()
05-May-2026 20:59:07.490 情報 [main] org.apache.catalina.core.ApplicationContext.log ContextListener: attributeAdded('StockTicker', 'async.Stockticker@2232c745')
